Running: C:\Xilinx\14.7\ISE_DS\ISE\bin\nt64\unwrapped\fuse.exe -intstyle ise -incremental -lib unisims_ver -lib unimacro_ver -lib xilinxcorelib_ver -o D:/EE310Projects/lab_1/testbench2_isim_beh.exe -prj D:/EE310Projects/lab_1/testbench2_beh.prj testbench2 work.glbl 
ISim P.20131013 (signature 0x7708f090)
Number of CPUs detected in this system: 12
Turning on mult-threading, number of parallel sub-compilation jobs: 24 
Determining compilation order of HDL files
Analyzing Verilog file "D:/EE310Projects/lab_1/lab_1.v" into library work
Analyzing Verilog file "D:/EE310Projects/lab_1/testbench2.v" into library work
Analyzing Verilog file "C:/Xilinx/14.7/ISE_DS/ISE//verilog/src/glbl.v" into library work
Starting static elaboration
Completed static elaboration
Compiling module a_type
Compiling module b_type
Compiling module c_type
Compiling module sp_interpolator
Compiling module testbench2
Compiling module glbl
Time Resolution for simulation is 1ps.
Waiting for 1 sub-compilation(s) to finish...
Compiled 6 Verilog Units
Built simulation executable D:/EE310Projects/lab_1/testbench2_isim_beh.exe
Fuse Memory Usage: 29348 KB
Fuse CPU Usage: 311 ms
