Release 14.7 - xst P.20131013 (nt64)
Copyright (c) 1995-2013 Xilinx, Inc.  All rights reserved.
--> Parameter TMPDIR set to xst/projnav.tmp


Total REAL time to Xst completion: 0.00 secs
Total CPU time to Xst completion: 0.31 secs
 
--> Parameter xsthdpdir set to xst


Total REAL time to Xst completion: 0.00 secs
Total CPU time to Xst completion: 0.31 secs
 
--> Reading design: sp_interpolator.prj

TABLE OF CONTENTS
  1) Synthesis Options Summary
  2) HDL Compilation
  3) Design Hierarchy Analysis
  4) HDL Analysis
  5) HDL Synthesis
     5.1) HDL Synthesis Report
  6) Advanced HDL Synthesis
     6.1) Advanced HDL Synthesis Report
  7) Low Level Synthesis
  8) Partition Report
  9) Final Report
	9.1) Device utilization summary
	9.2) Partition Resource Summary
	9.3) TIMING REPORT


=========================================================================
*                      Synthesis Options Summary                        *
=========================================================================
---- Source Parameters
Input File Name                    : "sp_interpolator.prj"
Input Format                       : mixed
Ignore Synthesis Constraint File   : NO

---- Target Parameters
Output File Name                   : "sp_interpolator"
Output Format                      : NGC
Target Device                      : xc3s500e-4-fg320

---- Source Options
Top Module Name                    : sp_interpolator
Automatic FSM Extraction           : YES
FSM Encoding Algorithm             : Auto
Safe Implementation                : No
FSM Style                          : LUT
RAM Extraction                     : Yes
RAM Style                          : Auto
ROM Extraction                     : Yes
Mux Style                          : Auto
Decoder Extraction                 : YES
Priority Encoder Extraction        : Yes
Shift Register Extraction          : YES
Logical Shifter Extraction         : YES
XOR Collapsing                     : YES
ROM Style                          : Auto
Mux Extraction                     : Yes
Resource Sharing                   : YES
Asynchronous To Synchronous        : NO
Multiplier Style                   : Auto
Automatic Register Balancing       : No

---- Target Options
Add IO Buffers                     : YES
Global Maximum Fanout              : 500
Add Generic Clock Buffer(BUFG)     : 24
Register Duplication               : YES
Slice Packing                      : YES
Optimize Instantiated Primitives   : NO
Use Clock Enable                   : Yes
Use Synchronous Set                : Yes
Use Synchronous Reset              : Yes
Pack IO Registers into IOBs        : Auto
Equivalent register Removal        : YES

---- General Options
Optimization Goal                  : Speed
Optimization Effort                : 1
Keep Hierarchy                     : No
Netlist Hierarchy                  : As_Optimized
RTL Output                         : Yes
Global Optimization                : AllClockNets
Read Cores                         : YES
Write Timing Constraints           : NO
Cross Clock Analysis               : NO
Hierarchy Separator                : /
Bus Delimiter                      : <>
Case Specifier                     : Maintain
Slice Utilization Ratio            : 100
BRAM Utilization Ratio             : 100
Verilog 2001                       : YES
Auto BRAM Packing                  : NO
Slice Utilization Ratio Delta      : 5

=========================================================================


=========================================================================
*                          HDL Compilation                              *
=========================================================================
Compiling verilog file "lab_1.v" in library work
Module <a_type> compiled
Module <b_type> compiled
Module <c_type> compiled
Module <sp_interpolator> compiled
No errors in compilation
Analysis of file <"sp_interpolator.prj"> succeeded.
 

=========================================================================
*                     Design Hierarchy Analysis                         *
=========================================================================
Analyzing hierarchy for module <sp_interpolator> in library <work>.

Analyzing hierarchy for module <a_type> in library <work>.

Analyzing hierarchy for module <b_type> in library <work>.

Analyzing hierarchy for module <c_type> in library <work>.


=========================================================================
*                            HDL Analysis                               *
=========================================================================
Analyzing top module <sp_interpolator>.
Module <sp_interpolator> is correct for synthesis.
 
Analyzing module <a_type> in library <work>.
Module <a_type> is correct for synthesis.
 
Analyzing module <b_type> in library <work>.
Module <b_type> is correct for synthesis.
 
Analyzing module <c_type> in library <work>.
Module <c_type> is correct for synthesis.
 

=========================================================================
*                           HDL Synthesis                               *
=========================================================================

Performing bidirectional port resolution...

Synthesizing Unit <a_type>.
    Related source file is "lab_1.v".
WARNING:Xst:647 - Input <I6> is never used. This port will be preserved and left unconnected if it belongs to a top-level block or it belongs to a sub-block and the hierarchy of this sub-block is preserved.
WARNING:Xst:646 - Signal <temp<5:0>> is assigned but never used. This unconnected signal will be trimmed during the optimization process.
    Found 14-bit adder for signal <temp>.
    Found 14-bit adder for signal <temp$addsub0000> created at line 26.
    Found 14-bit adder for signal <temp$addsub0001> created at line 26.
    Found 14-bit adder for signal <temp$addsub0002> created at line 26.
    Found 14-bit adder for signal <temp$addsub0003> created at line 26.
    Found 14-bit adder for signal <temp$addsub0004> created at line 26.
    Found 14-bit adder for signal <temp$addsub0005> created at line 26.
    Found 14-bit adder for signal <temp$addsub0006> created at line 26.
    Found 14-bit adder for signal <temp$addsub0007> created at line 26.
    Found 14-bit adder for signal <temp$addsub0008> created at line 26.
    Summary:
	inferred  10 Adder/Subtractor(s).
Unit <a_type> synthesized.


Synthesizing Unit <b_type>.
    Related source file is "lab_1.v".
WARNING:Xst:647 - Input <I6> is never used. This port will be preserved and left unconnected if it belongs to a top-level block or it belongs to a sub-block and the hierarchy of this sub-block is preserved.
WARNING:Xst:646 - Signal <temp<5:0>> is assigned but never used. This unconnected signal will be trimmed during the optimization process.
    Found 14-bit adder for signal <temp>.
    Found 14-bit adder for signal <temp$addsub0000> created at line 36.
    Found 14-bit adder for signal <temp$addsub0001> created at line 36.
    Found 14-bit adder for signal <temp$addsub0002> created at line 36.
    Found 14-bit adder for signal <temp$addsub0003> created at line 36.
    Found 14-bit adder for signal <temp$addsub0004> created at line 36.
    Found 14-bit adder for signal <temp$addsub0005> created at line 36.
    Found 14-bit adder for signal <temp$addsub0006> created at line 36.
    Found 14-bit adder for signal <temp$addsub0007> created at line 36.
    Summary:
	inferred   9 Adder/Subtractor(s).
Unit <b_type> synthesized.


Synthesizing Unit <c_type>.
    Related source file is "lab_1.v".
WARNING:Xst:646 - Signal <temp<5:0>> is assigned but never used. This unconnected signal will be trimmed during the optimization process.
    Found 14-bit adder for signal <temp>.
    Found 14-bit adder for signal <temp$addsub0000> created at line 46.
    Found 14-bit adder for signal <temp$addsub0001> created at line 46.
    Found 14-bit adder for signal <temp$addsub0002> created at line 46.
    Found 14-bit adder for signal <temp$addsub0003> created at line 46.
    Found 14-bit adder for signal <temp$addsub0004> created at line 46.
    Found 14-bit adder for signal <temp$addsub0005> created at line 46.
    Found 14-bit adder for signal <temp$addsub0006> created at line 46.
    Found 14-bit adder for signal <temp$addsub0007> created at line 46.
    Summary:
	inferred   9 Adder/Subtractor(s).
Unit <c_type> synthesized.


Synthesizing Unit <sp_interpolator>.
    Related source file is "lab_1.v".
Unit <sp_interpolator> synthesized.


=========================================================================
HDL Synthesis Report

Macro Statistics
# Adders/Subtractors                                   : 336
 14-bit adder                                          : 336

=========================================================================

=========================================================================
*                       Advanced HDL Synthesis                          *
=========================================================================


=========================================================================
Advanced HDL Synthesis Report

Macro Statistics
# Adders/Subtractors                                   : 336
 14-bit adder                                          : 336

=========================================================================

=========================================================================
*                         Low Level Synthesis                           *
=========================================================================

Optimizing unit <sp_interpolator> ...

Optimizing unit <c_type> ...

Mapping all equations...
Building and optimizing final netlist ...
Found area constraint ratio of 100 (+ 5) on block sp_interpolator, actual ratio is 49.

Final Macro Processing ...

=========================================================================
Final Register Report

Found no macro
=========================================================================

=========================================================================
*                           Partition Report                            *
=========================================================================

Partition Implementation Status
-------------------------------

  No Partitions were found in this design.

-------------------------------

=========================================================================
*                            Final Report                               *
=========================================================================
Final Results
RTL Top Level Output File Name     : sp_interpolator.ngr
Top Level Output File Name         : sp_interpolator
Output Format                      : NGC
Optimization Goal                  : Speed
Keep Hierarchy                     : No

Design Statistics
# IOs                              : 632

Cell Usage :
# BELS                             : 7225
#      GND                         : 1
#      LUT1                        : 300
#      LUT2                        : 216
#      LUT3                        : 1392
#      LUT4                        : 1140
#      MULT_AND                    : 384
#      MUXCY                       : 1932
#      XORCY                       : 1860
# IO Buffers                       : 632
#      IBUF                        : 512
#      OBUF                        : 120
=========================================================================

Device utilization summary:
---------------------------

Selected Device : 3s500efg320-4 

 Number of Slices:                     1698  out of   4656    36%  
 Number of 4 input LUTs:               3048  out of   9312    32%  
 Number of IOs:                         632
 Number of bonded IOBs:                 632  out of    232   272% (*) 

WARNING:Xst:1336 -  (*) More than 100% of Device resources are used

---------------------------
Partition Resource Summary:
---------------------------

  No Partitions were found in this design.

---------------------------


=========================================================================
TIMING REPORT

NOTE: THESE TIMING NUMBERS ARE ONLY A SYNTHESIS ESTIMATE.
      FOR ACCURATE TIMING INFORMATION PLEASE REFER TO THE TRACE REPORT
      GENERATED AFTER PLACE-and-ROUTE.

Clock Information:
------------------
No clock signals found in this design

Asynchronous Control Signals Information:
----------------------------------------
No asynchronous control signals found in this design

Timing Summary:
---------------
Speed Grade: -4

   Minimum period: No path found
   Minimum input arrival time before clock: No path found
   Maximum output required time after clock: No path found
   Maximum combinational path delay: 40.525ns

Timing Detail:
--------------
All values displayed in nanoseconds (ns)

=========================================================================
Timing constraint: Default path analysis
  Total number of paths / destination ports: 205088370888 / 120
-------------------------------------------------------------------------
Delay:               40.525ns (Levels of Logic = 41)
  Source:            I31<0> (PAD)
  Destination:       e<7> (PAD)

  Data Path: I31<0> to e<7>
                                Gate     Net
    Cell:in->out      fanout   Delay   Delay  Logical Name (Net Name)
    ----------------------------------------  ------------
     IBUF:I->O            14   1.218   1.175  I31_0_IBUF (A41/Madd_temp_addsub0003C_mand)
     LUT3:I0->O            1   0.704   0.499  A41/Madd_temp_addsub0001R11 (A41/Madd_temp_addsub0001R1)
     LUT3:I1->O            1   0.704   0.000  A41/Madd_temp_addsub0001_Madd_lut<2> (A41/Madd_temp_addsub0001_Madd_lut<2>)
     MUXCY:S->O            1   0.464   0.000  A41/Madd_temp_addsub0001_Madd_cy<2> (A41/Madd_temp_addsub0001_Madd_cy<2>)
     XORCY:CI->O           2   0.804   0.482  A41/Madd_temp_addsub0001_Madd_xor<3> (A41/temp_addsub0001<3>)
     LUT4:I2->O            1   0.704   0.000  A41/Madd_temp_addsub0003_Madd_lut<3> (A41/Madd_temp_addsub0003_Madd_lut<3>)
     XORCY:LI->O           2   0.527   0.622  A41/Madd_temp_addsub0003_Madd_xor<3> (A41/temp_addsub0003<3>)
     LUT3:I0->O            1   0.704   0.595  A41/Madd_temp_addsub0005C11 (A41/Madd_temp_addsub0005C1)
     LUT4:I0->O            1   0.704   0.000  A41/Madd_temp_addsub0005_Madd_lut<4> (A41/Madd_temp_addsub0005_Madd_lut<4>)
     MUXCY:S->O            1   0.464   0.000  A41/Madd_temp_addsub0005_Madd_cy<4> (A41/Madd_temp_addsub0005_Madd_cy<4>)
     XORCY:CI->O           2   0.804   0.622  A41/Madd_temp_addsub0005_Madd_xor<5> (A41/temp_addsub0005<5>)
     LUT3:I0->O            1   0.704   0.595  A41/Madd_temp_addsub0007C41 (A41/Madd_temp_addsub0007C4)
     LUT4:I0->O            1   0.704   0.000  A41/Madd_temp_addsub0007_Madd_lut<6> (A41/Madd_temp_addsub0007_Madd_lut<6>)
     MUXCY:S->O            1   0.464   0.000  A41/Madd_temp_addsub0007_Madd_cy<6> (A41/Madd_temp_addsub0007_Madd_cy<6>)
     XORCY:CI->O           2   0.804   0.482  A41/Madd_temp_addsub0007_Madd_xor<7> (A41/temp_addsub0007<7>)
     LUT3:I2->O            1   0.704   0.595  A41/Madd_tempC61 (A41/Madd_tempC6)
     LUT3:I0->O            1   0.704   0.000  A41/Madd_temp_Madd_lut<8> (A41/Madd_temp_Madd_lut<8>)
     MUXCY:S->O            1   0.464   0.000  A41/Madd_temp_Madd_cy<8> (A41/Madd_temp_Madd_cy<8>)
     XORCY:CI->O           4   0.804   0.762  A41/Madd_temp_Madd_xor<9> (a41<3>)
     LUT3:I0->O            1   0.704   0.595  EE/Madd_temp_addsub0001C21 (EE/Madd_temp_addsub0001C2)
     LUT4:I0->O            1   0.704   0.000  EE/Madd_temp_addsub0001_Madd_lut<4> (EE/Madd_temp_addsub0001_Madd_lut<4>)
     MUXCY:S->O            1   0.464   0.000  EE/Madd_temp_addsub0001_Madd_cy<4> (EE/Madd_temp_addsub0001_Madd_cy<4>)
     XORCY:CI->O           2   0.804   0.526  EE/Madd_temp_addsub0001_Madd_xor<5> (EE/temp_addsub0001<5>)
     LUT3:I1->O            1   0.704   0.499  EE/Madd_temp_addsub0003R41 (EE/Madd_temp_addsub0003R4)
     LUT3:I1->O            1   0.704   0.000  EE/Madd_temp_addsub0003_Madd_lut<5> (EE/Madd_temp_addsub0003_Madd_lut<5>)
     MUXCY:S->O            1   0.464   0.000  EE/Madd_temp_addsub0003_Madd_cy<5> (EE/Madd_temp_addsub0003_Madd_cy<5>)
     XORCY:CI->O           2   0.804   0.526  EE/Madd_temp_addsub0003_Madd_xor<6> (EE/temp_addsub0003<6>)
     LUT3:I1->O            1   0.704   0.595  EE/Madd_temp_addsub0005C41 (EE/Madd_temp_addsub0005C4)
     LUT4:I0->O            1   0.704   0.000  EE/Madd_temp_addsub0005_Madd_lut<7> (EE/Madd_temp_addsub0005_Madd_lut<7>)
     MUXCY:S->O            1   0.464   0.000  EE/Madd_temp_addsub0005_Madd_cy<7> (EE/Madd_temp_addsub0005_Madd_cy<7>)
     XORCY:CI->O           2   0.804   0.526  EE/Madd_temp_addsub0005_Madd_xor<8> (EE/temp_addsub0005<8>)
     LUT3:I1->O            1   0.704   0.595  EE/Madd_temp_addsub0007C71 (EE/Madd_temp_addsub0007C7)
     LUT3:I0->O            1   0.704   0.000  EE/Madd_temp_addsub0007_Madd_lut<9> (EE/Madd_temp_addsub0007_Madd_lut<9>)
     MUXCY:S->O            1   0.464   0.000  EE/Madd_temp_addsub0007_Madd_cy<9> (EE/Madd_temp_addsub0007_Madd_cy<9>)
     MUXCY:CI->O           1   0.059   0.000  EE/Madd_temp_addsub0007_Madd_cy<10> (EE/Madd_temp_addsub0007_Madd_cy<10>)
     MUXCY:CI->O           1   0.059   0.000  EE/Madd_temp_addsub0007_Madd_cy<11> (EE/Madd_temp_addsub0007_Madd_cy<11>)
     XORCY:CI->O           1   0.804   0.595  EE/Madd_temp_addsub0007_Madd_xor<12> (EE/temp_addsub0007<12>)
     LUT1:I0->O            1   0.704   0.000  EE/Madd_temp_Madd_cy<12>_rt (EE/Madd_temp_Madd_cy<12>_rt)
     MUXCY:S->O            0   0.464   0.000  EE/Madd_temp_Madd_cy<12> (EE/Madd_temp_Madd_cy<12>)
     XORCY:CI->O           1   0.804   0.420  EE/Madd_temp_Madd_xor<13> (e_7_OBUF)
     OBUF:I->O                 3.272          e_7_OBUF (e<7>)
    ----------------------------------------
    Total                     40.525ns (29.219ns logic, 11.306ns route)
                                       (72.1% logic, 27.9% route)

=========================================================================


Total REAL time to Xst completion: 11.00 secs
Total CPU time to Xst completion: 10.57 secs
 
--> 

Total memory usage is 4554508 kilobytes

Number of errors   :    0 (   0 filtered)
Number of warnings :    6 (   0 filtered)
Number of infos    :    0 (   0 filtered)

